<?xml version="1.0" encoding="UTF-8"?>
<!-- Generated by org.testng.reporters.JUnitReportReporter -->
<testsuite hostname="LAPTOP-QH7RDTP8" failures="0" tests="1" name="testCases.TC_009_AddWishList" time="7.783" errors="0" timestamp="2022-02-05T20:42:38 IST" skipped="0">
  <testcase classname="testCases.TC_009_AddWishList" name="test_AddWishList" time="7.783"/>
  <system-out/>
</testsuite> <!-- testCases.TC_009_AddWishList -->
