<?xml version="1.0" encoding="UTF-8"?>
<!-- Generated by org.testng.reporters.JUnitReportReporter -->
<testsuite hostname="LAPTOP-QH7RDTP8" failures="0" tests="1" name="testCases.TC_014_AdressBook" time="23.159" errors="0" timestamp="2022-03-13T12:20:41 IST" skipped="0">
  <testcase classname="testCases.TC_014_AdressBook" name="test_AdressBook" time="23.159"/>
  <system-out/>
</testsuite> <!-- testCases.TC_014_AdressBook -->
