<?xml version="1.0" encoding="UTF-8"?>
<!-- Generated by org.testng.reporters.JUnitReportReporter -->
<testsuite hostname="LAPTOP-QH7RDTP8" failures="0" tests="1" name="testCases.TC_012_Homepage" time="32.573" errors="0" timestamp="2022-02-26T18:16:02 IST" skipped="0">
  <testcase classname="testCases.TC_012_Homepage" name="test_TC_012_Homepage" time="32.573"/>
  <system-out/>
</testsuite> <!-- testCases.TC_012_Homepage -->
