<?xml version="1.0" encoding="UTF-8"?>
<!-- Generated by org.testng.reporters.JUnitReportReporter -->
<testsuite hostname="LAPTOP-QH7RDTP8" failures="0" tests="3" name="testCases.TC_011_Checkout" time="78.266" errors="0" timestamp="2022-02-15T16:03:08 IST" skipped="0">
  <testcase classname="testCases.TC_011_Checkout" name="test_TC_011_Checkout" time="24.725"/>
  <system-out/>
  <testcase classname="testCases.TC_011_Checkout" name="test_TC_011_Checkout" time="24.967"/>
  <system-out/>
  <testcase classname="testCases.TC_011_Checkout" name="test_TC_011_Checkout" time="28.574"/>
  <system-out/>
</testsuite> <!-- testCases.TC_011_Checkout -->
