<?xml version="1.0" encoding="UTF-8"?>
<!-- Generated by org.testng.reporters.JUnitReportReporter -->
<testsuite hostname="LAPTOP-QH7RDTP8" failures="0" tests="1" name="testCases.TC_015_OrderHistory" time="14.920" errors="0" timestamp="2022-03-30T10:12:36 IST" skipped="0">
  <testcase classname="testCases.TC_015_OrderHistory" name="test_OrderHistory" time="14.920"/>
  <system-out/>
</testsuite> <!-- testCases.TC_015_OrderHistory -->
