<?xml version="1.0" encoding="UTF-8"?>
<!-- Generated by org.testng.reporters.JUnitReportReporter -->
<testsuite hostname="LAPTOP-QH7RDTP8" failures="0" tests="1" name="testCases.TC_013_MyAccount" time="23.200" errors="0" timestamp="2022-03-13T09:05:57 IST" skipped="0">
  <testcase classname="testCases.TC_013_MyAccount" name="test_MyAccount" time="23.200"/>
  <system-out/>
</testsuite> <!-- testCases.TC_013_MyAccount -->
