<?xml version="1.0" encoding="UTF-8"?>
<!-- Generated by org.testng.reporters.JUnitReportReporter -->
<testsuite hostname="LAPTOP-QH7RDTP8" failures="0" tests="1" name="testCases.TC_005_SearchProduct" time="7.536" errors="0" timestamp="2022-02-13T13:13:44 IST" skipped="0">
  <testcase classname="testCases.TC_005_SearchProduct" name="test_SearchProduct" time="7.536"/>
  <system-out/>
</testsuite> <!-- testCases.TC_005_SearchProduct -->
