<?xml version="1.0" encoding="UTF-8"?>
<!-- Generated by org.testng.reporters.JUnitReportReporter -->
<testsuite hostname="LAPTOP-QH7RDTP8" failures="0" tests="4" name="testCases.TC_003_LoginDDT" time="52.434" errors="0" timestamp="2022-01-14T12:33:39 IST" skipped="0">
  <testcase classname="testCases.TC_003_LoginDDT" name="test_LoginDDT" time="9.518"/>
  <system-out/>
  <testcase classname="testCases.TC_003_LoginDDT" name="test_LoginDDT" time="14.210"/>
  <system-out/>
  <testcase classname="testCases.TC_003_LoginDDT" name="test_LoginDDT" time="14.368"/>
  <system-out/>
  <testcase classname="testCases.TC_003_LoginDDT" name="test_LoginDDT" time="14.338"/>
  <system-out/>
</testsuite> <!-- testCases.TC_003_LoginDDT -->
