<?xml version="1.0" encoding="UTF-8"?>
<!-- Generated by org.testng.reporters.JUnitReportReporter -->
<testsuite hostname="LAPTOP-QH7RDTP8" failures="0" tests="1" name="testCases.TC_004_ForgotPassword" time="7.412" errors="0" timestamp="2022-01-14T12:33:39 IST" skipped="0">
  <testcase classname="testCases.TC_004_ForgotPassword" name="test_Forgotpassword" time="7.412"/>
  <system-out/>
</testsuite> <!-- testCases.TC_004_ForgotPassword -->
