<?xml version="1.0" encoding="UTF-8"?>
<!-- Generated by org.testng.reporters.JUnitReportReporter -->
<testsuite hostname="LAPTOP-QH7RDTP8" failures="0" tests="3" name="testCases.TC_012_Homepage" time="98.524" errors="0" timestamp="2022-02-15T16:03:08 IST" skipped="0">
  <testcase classname="testCases.TC_012_Homepage" name="test_TC_012_Homepage" time="29.225"/>
  <system-out/>
  <testcase classname="testCases.TC_012_Homepage" name="test_TC_012_Homepage" time="36.124"/>
  <system-out/>
  <testcase classname="testCases.TC_012_Homepage" name="test_TC_012_Homepage" time="33.175"/>
  <system-out/>
</testsuite> <!-- testCases.TC_012_Homepage -->
