<?xml version="1.0" encoding="UTF-8"?>
<!-- Generated by org.testng.reporters.JUnitReportReporter -->
<testsuite hostname="LAPTOP-QH7RDTP8" failures="0" tests="1" name="testCases.TC_010_ShoppingCart" time="21.967" errors="0" timestamp="2022-02-13T13:08:36 IST" skipped="0">
  <testcase classname="testCases.TC_010_ShoppingCart" name="test_ShoppingCart" time="21.967"/>
  <system-out/>
</testsuite> <!-- testCases.TC_010_ShoppingCart -->
